<?xml version="1.0" encoding="UTF-8"?>
<testng-results ignored="9" total="12" passed="3" failed="0" skipped="0">
  <reporter-output>
  </reporter-output>
  <suite started-at="2022-09-08T21:08:14 IST" name="Suite" finished-at="2022-09-08T21:08:23 IST" duration-ms="9479">
    <groups>
      <group name="Functional">
        <method signature="ApplicationTest.verifyApplicationLogo()[pri:1, instance:com.app.test.ApplicationTest@65c7a252]" name="verifyApplicationLogo" class="com.app.test.ApplicationTest"/>
      </group> <!-- Functional -->
      <group name="Sanity">
        <method signature="ApplicationTest.verifyApplicationCaption()[pri:4, instance:com.app.test.ApplicationTest@54422e18]" name="verifyApplicationCaption" class="com.app.test.ApplicationTest"/>
      </group> <!-- Sanity -->
      <group name="Regression">
        <method signature="ApplicationTest.verifyApplicationTitle()[pri:2, instance:com.app.test.ApplicationTest@54422e18]" name="verifyApplicationTitle" class="com.app.test.ApplicationTest"/>
      </group> <!-- Regression -->
      <group name="Smoke">
        <method signature="ApplicationTest.verifyApplicationTitle()[pri:2, instance:com.app.test.ApplicationTest@54422e18]" name="verifyApplicationTitle" class="com.app.test.ApplicationTest"/>
      </group> <!-- Smoke -->
    </groups>
    <test started-at="2022-09-08T21:08:14 IST" name="ChromeTest1" finished-at="2022-09-08T21:08:19 IST" duration-ms="5421">
      <class name="com.app.test.ApplicationTest">
        <test-method is-config="true" signature="setupBrowser(java.lang.String)[pri:0, instance:com.app.test.ApplicationTest@65c7a252]" started-at="2022-09-08T21:08:14 IST" name="setupBrowser" finished-at="2022-09-08T21:08:19 IST" duration-ms="5115" status="PASS">
          <params>
            <param index="0">
              <value>
                <![CDATA[Chrome]]>
              </value>
            </param>
          </params>
          <reporter-output>
          </reporter-output>
        </test-method> <!-- setupBrowser -->
        <test-method signature="verifyApplicationLogo()[pri:1, instance:com.app.test.ApplicationTest@65c7a252]" started-at="2022-09-08T21:08:19 IST" name="verifyApplicationLogo" finished-at="2022-09-08T21:08:19 IST" duration-ms="60" status="PASS">
          <reporter-output>
          </reporter-output>
        </test-method> <!-- verifyApplicationLogo -->
        <test-method is-config="true" signature="closeBrowser()[pri:0, instance:com.app.test.ApplicationTest@65c7a252]" started-at="2022-09-08T21:08:19 IST" name="closeBrowser" finished-at="2022-09-08T21:08:19 IST" duration-ms="227" status="PASS">
          <reporter-output>
          </reporter-output>
        </test-method> <!-- closeBrowser -->
      </class> <!-- com.app.test.ApplicationTest -->
    </test> <!-- ChromeTest1 -->
    <test started-at="2022-09-08T21:08:14 IST" name="ChromeTest2" finished-at="2022-09-08T21:08:23 IST" duration-ms="9479">
      <class name="com.app.test.ApplicationTest">
        <test-method is-config="true" signature="setupReport()[pri:0, instance:com.app.test.ApplicationTest@54422e18]" started-at="2022-09-08T21:08:14 IST" name="setupReport" finished-at="2022-09-08T21:08:14 IST" duration-ms="130" status="PASS">
          <reporter-output>
          </reporter-output>
        </test-method> <!-- setupReport -->
        <test-method is-config="true" signature="setupBrowser(java.lang.String)[pri:0, instance:com.app.test.ApplicationTest@54422e18]" started-at="2022-09-08T21:08:14 IST" name="setupBrowser" finished-at="2022-09-08T21:08:19 IST" duration-ms="4724" status="PASS">
          <params>
            <param index="0">
              <value>
                <![CDATA[Chrome]]>
              </value>
            </param>
          </params>
          <reporter-output>
          </reporter-output>
        </test-method> <!-- setupBrowser -->
        <test-method signature="verifyApplicationTitle()[pri:2, instance:com.app.test.ApplicationTest@54422e18]" started-at="2022-09-08T21:08:19 IST" name="verifyApplicationTitle" finished-at="2022-09-08T21:08:19 IST" duration-ms="57" status="PASS">
          <reporter-output>
          </reporter-output>
        </test-method> <!-- verifyApplicationTitle -->
        <test-method is-config="true" signature="closeBrowser()[pri:0, instance:com.app.test.ApplicationTest@54422e18]" started-at="2022-09-08T21:08:19 IST" name="closeBrowser" finished-at="2022-09-08T21:08:19 IST" duration-ms="188" status="PASS">
          <reporter-output>
          </reporter-output>
        </test-method> <!-- closeBrowser -->
        <test-method is-config="true" signature="setupBrowser(java.lang.String)[pri:0, instance:com.app.test.ApplicationTest@54422e18]" started-at="2022-09-08T21:08:19 IST" name="setupBrowser" finished-at="2022-09-08T21:08:23 IST" duration-ms="4195" status="PASS">
          <params>
            <param index="0">
              <value>
                <![CDATA[Chrome]]>
              </value>
            </param>
          </params>
          <reporter-output>
          </reporter-output>
        </test-method> <!-- setupBrowser -->
        <test-method signature="verifyApplicationCaption()[pri:4, instance:com.app.test.ApplicationTest@54422e18]" started-at="2022-09-08T21:08:23 IST" name="verifyApplicationCaption" finished-at="2022-09-08T21:08:23 IST" duration-ms="58" status="PASS">
          <reporter-output>
          </reporter-output>
        </test-method> <!-- verifyApplicationCaption -->
        <test-method is-config="true" signature="closeBrowser()[pri:0, instance:com.app.test.ApplicationTest@54422e18]" started-at="2022-09-08T21:08:23 IST" name="closeBrowser" finished-at="2022-09-08T21:08:23 IST" duration-ms="233" status="PASS">
          <reporter-output>
          </reporter-output>
        </test-method> <!-- closeBrowser -->
        <test-method is-config="true" signature="stopReporting()[pri:0, instance:com.app.test.ApplicationTest@54422e18]" started-at="2022-09-08T21:08:23 IST" name="stopReporting" finished-at="2022-09-08T21:08:24 IST" duration-ms="621" status="PASS">
          <reporter-output>
          </reporter-output>
        </test-method> <!-- stopReporting -->
      </class> <!-- com.app.test.ApplicationTest -->
    </test> <!-- ChromeTest2 -->
  </suite> <!-- Suite -->
</testng-results>
